<?xml version="1.0" encoding="UTF-8"?>
<!-- Generated by org.testng.reporters.JUnitXMLReporter -->
<testsuite hostname="DESKTOP-2CKIKDG" failures="0" tests="4" name="Default test" time="106.156" errors="0" timestamp="13 May 2019 11:13:25 GMT">
  <testcase classname="FreeCRM_TestScenarios.HomePage_Test" name="navigateToContactNewContact" time="2.82"/>
  <testcase classname="FreeCRM_TestScenarios.HomePage_Test" name="navigatetoCompaniesNewCompany" time="2.766"/>
  <testcase classname="FreeCRM_TestScenarios.HomePage_Test" name="verifyAddCalendar" time="0.001"/>
  <testcase classname="FreeCRM_TestScenarios.HomePage_Test" name="verifyaddBoxesPopUpdisplayed" time="5.329"/>
</testsuite> <!-- Default test -->
