<?xml version="1.0" encoding="UTF-8"?>
<!-- Generated by org.testng.reporters.JUnitXMLReporter -->
<testsuite hostname="DESKTOP-2CKIKDG" failures="0" tests="7" name="Test" time="150.333" errors="0" timestamp="13 May 2019 11:27:04 GMT">
  <testcase classname="FreeCRM_TestScenarios.FreeCRM_LoginTest" name="loginToFreeCRM" time="9.943"/>
  <testcase classname="FreeCRM_TestScenarios.FreeCRM_LoginTest" name="getTitleVerification" time="0.012"/>
  <testcase classname="FreeCRM_TestScenarios.FreeCRM_LoginTest" name="loginButtonEnabledVerification" time="0.046"/>
  <testcase classname="FreeCRM_TestScenarios.HomePage_Test" name="navigateToContactNewContact" time="2.909"/>
  <testcase classname="FreeCRM_TestScenarios.HomePage_Test" name="navigatetoCompaniesNewCompany" time="1.463"/>
  <testcase classname="FreeCRM_TestScenarios.HomePage_Test" name="verifyAddCalendar" time="0.001"/>
  <testcase classname="FreeCRM_TestScenarios.HomePage_Test" name="verifyaddBoxesPopUpdisplayed" time="5.226"/>
</testsuite> <!-- Test -->
