<?xml version="1.0" encoding="UTF-8"?>
<testng-results total="7" passed="7" failed="0" skipped="0">
  <reporter-output>
  </reporter-output>
  <suite started-at="2019-05-13T11:24:33Z" name="Suite" finished-at="2019-05-13T11:27:03Z" duration-ms="150333">
    <groups>
    </groups>
    <test started-at="2019-05-13T11:24:33Z" name="Test" finished-at="2019-05-13T11:27:03Z" duration-ms="150333">
      <class name="FreeCRM_TestScenarios.HomePage_Test">
        <test-method is-config="true" signature="invokeBrowser()[pri:0, instance:FreeCRM_TestScenarios.HomePage_Test@4f51b3e0]" started-at="2019-05-13T16:55:40Z" name="invokeBrowser" finished-at="2019-05-13T16:55:50Z" duration-ms="10006" status="PASS">
          <reporter-output>
          </reporter-output>
        </test-method> <!-- invokeBrowser -->
        <test-method is-config="true" signature="setup()[pri:0, instance:FreeCRM_TestScenarios.HomePage_Test@4f51b3e0]" started-at="2019-05-13T16:55:50Z" name="setup" finished-at="2019-05-13T16:55:58Z" duration-ms="8355" status="PASS">
          <reporter-output>
          </reporter-output>
        </test-method> <!-- setup -->
        <test-method signature="navigateToContactNewContact()[pri:0, instance:FreeCRM_TestScenarios.HomePage_Test@4f51b3e0]" started-at="2019-05-13T16:55:58Z" name="navigateToContactNewContact" finished-at="2019-05-13T16:56:01Z" duration-ms="2909" status="PASS">
          <reporter-output>
          </reporter-output>
        </test-method> <!-- navigateToContactNewContact -->
        <test-method is-config="true" signature="quitBrowser()[pri:0, instance:FreeCRM_TestScenarios.HomePage_Test@4f51b3e0]" started-at="2019-05-13T16:56:01Z" name="quitBrowser" finished-at="2019-05-13T16:56:02Z" duration-ms="1000" status="PASS">
          <reporter-output>
          </reporter-output>
        </test-method> <!-- quitBrowser -->
        <test-method is-config="true" signature="invokeBrowser()[pri:0, instance:FreeCRM_TestScenarios.HomePage_Test@4f51b3e0]" started-at="2019-05-13T16:56:02Z" name="invokeBrowser" finished-at="2019-05-13T16:56:13Z" duration-ms="10700" status="PASS">
          <reporter-output>
          </reporter-output>
        </test-method> <!-- invokeBrowser -->
        <test-method is-config="true" signature="setup()[pri:0, instance:FreeCRM_TestScenarios.HomePage_Test@4f51b3e0]" started-at="2019-05-13T16:56:13Z" name="setup" finished-at="2019-05-13T16:56:21Z" duration-ms="8101" status="PASS">
          <reporter-output>
          </reporter-output>
        </test-method> <!-- setup -->
        <test-method signature="navigatetoCompaniesNewCompany()[pri:0, instance:FreeCRM_TestScenarios.HomePage_Test@4f51b3e0]" started-at="2019-05-13T16:56:21Z" name="navigatetoCompaniesNewCompany" finished-at="2019-05-13T16:56:23Z" duration-ms="1463" status="PASS">
          <reporter-output>
          </reporter-output>
        </test-method> <!-- navigatetoCompaniesNewCompany -->
        <test-method is-config="true" signature="quitBrowser()[pri:0, instance:FreeCRM_TestScenarios.HomePage_Test@4f51b3e0]" started-at="2019-05-13T16:56:23Z" name="quitBrowser" finished-at="2019-05-13T16:56:24Z" duration-ms="1059" status="PASS">
          <reporter-output>
          </reporter-output>
        </test-method> <!-- quitBrowser -->
        <test-method is-config="true" signature="invokeBrowser()[pri:0, instance:FreeCRM_TestScenarios.HomePage_Test@4f51b3e0]" started-at="2019-05-13T16:56:24Z" name="invokeBrowser" finished-at="2019-05-13T16:56:33Z" duration-ms="9285" status="PASS">
          <reporter-output>
          </reporter-output>
        </test-method> <!-- invokeBrowser -->
        <test-method is-config="true" signature="setup()[pri:0, instance:FreeCRM_TestScenarios.HomePage_Test@4f51b3e0]" started-at="2019-05-13T16:56:33Z" name="setup" finished-at="2019-05-13T16:56:41Z" duration-ms="7618" status="PASS">
          <reporter-output>
          </reporter-output>
        </test-method> <!-- setup -->
        <test-method signature="verifyAddCalendar()[pri:0, instance:FreeCRM_TestScenarios.HomePage_Test@4f51b3e0]" started-at="2019-05-13T16:56:41Z" name="verifyAddCalendar" finished-at="2019-05-13T16:56:41Z" duration-ms="1" status="PASS">
          <reporter-output>
          </reporter-output>
        </test-method> <!-- verifyAddCalendar -->
        <test-method is-config="true" signature="quitBrowser()[pri:0, instance:FreeCRM_TestScenarios.HomePage_Test@4f51b3e0]" started-at="2019-05-13T16:56:41Z" name="quitBrowser" finished-at="2019-05-13T16:56:42Z" duration-ms="976" status="PASS">
          <reporter-output>
          </reporter-output>
        </test-method> <!-- quitBrowser -->
        <test-method is-config="true" signature="invokeBrowser()[pri:0, instance:FreeCRM_TestScenarios.HomePage_Test@4f51b3e0]" started-at="2019-05-13T16:56:42Z" name="invokeBrowser" finished-at="2019-05-13T16:56:51Z" duration-ms="9303" status="PASS">
          <reporter-output>
          </reporter-output>
        </test-method> <!-- invokeBrowser -->
        <test-method is-config="true" signature="setup()[pri:0, instance:FreeCRM_TestScenarios.HomePage_Test@4f51b3e0]" started-at="2019-05-13T16:56:51Z" name="setup" finished-at="2019-05-13T16:56:57Z" duration-ms="6082" status="PASS">
          <reporter-output>
          </reporter-output>
        </test-method> <!-- setup -->
        <test-method signature="verifyaddBoxesPopUpdisplayed()[pri:0, instance:FreeCRM_TestScenarios.HomePage_Test@4f51b3e0]" started-at="2019-05-13T16:56:57Z" name="verifyaddBoxesPopUpdisplayed" finished-at="2019-05-13T16:57:02Z" duration-ms="5226" status="PASS">
          <reporter-output>
          </reporter-output>
        </test-method> <!-- verifyaddBoxesPopUpdisplayed -->
        <test-method is-config="true" signature="quitBrowser()[pri:0, instance:FreeCRM_TestScenarios.HomePage_Test@4f51b3e0]" started-at="2019-05-13T16:57:02Z" name="quitBrowser" finished-at="2019-05-13T16:57:03Z" duration-ms="975" status="PASS">
          <reporter-output>
          </reporter-output>
        </test-method> <!-- quitBrowser -->
      </class> <!-- FreeCRM_TestScenarios.HomePage_Test -->
      <class name="FreeCRM_TestScenarios.FreeCRM_LoginTest">
        <test-method is-config="true" signature="invokeBrowser()[pri:0, instance:FreeCRM_TestScenarios.FreeCRM_LoginTest@58a90037]" started-at="2019-05-13T16:54:33Z" name="invokeBrowser" finished-at="2019-05-13T16:55:01Z" duration-ms="28020" status="PASS">
          <reporter-output>
          </reporter-output>
        </test-method> <!-- invokeBrowser -->
        <test-method is-config="true" signature="setup()[pri:0, instance:FreeCRM_TestScenarios.FreeCRM_LoginTest@58a90037]" started-at="2019-05-13T16:55:01Z" name="setup" finished-at="2019-05-13T16:55:01Z" duration-ms="570" status="PASS">
          <reporter-output>
          </reporter-output>
        </test-method> <!-- setup -->
        <test-method signature="loginToFreeCRM()[pri:0, instance:FreeCRM_TestScenarios.FreeCRM_LoginTest@58a90037]" started-at="2019-05-13T16:55:01Z" name="loginToFreeCRM" finished-at="2019-05-13T16:55:11Z" duration-ms="9943" status="PASS">
          <reporter-output>
          </reporter-output>
        </test-method> <!-- loginToFreeCRM -->
        <test-method is-config="true" signature="quitBrowser()[pri:0, instance:FreeCRM_TestScenarios.FreeCRM_LoginTest@58a90037]" started-at="2019-05-13T16:55:11Z" name="quitBrowser" finished-at="2019-05-13T16:55:16Z" duration-ms="4524" status="PASS">
          <reporter-output>
          </reporter-output>
        </test-method> <!-- quitBrowser -->
        <test-method is-config="true" signature="invokeBrowser()[pri:0, instance:FreeCRM_TestScenarios.FreeCRM_LoginTest@58a90037]" started-at="2019-05-13T16:55:16Z" name="invokeBrowser" finished-at="2019-05-13T16:55:29Z" duration-ms="12811" status="PASS">
          <reporter-output>
          </reporter-output>
        </test-method> <!-- invokeBrowser -->
        <test-method is-config="true" signature="setup()[pri:0, instance:FreeCRM_TestScenarios.FreeCRM_LoginTest@58a90037]" started-at="2019-05-13T16:55:29Z" name="setup" finished-at="2019-05-13T16:55:29Z" duration-ms="3" status="PASS">
          <reporter-output>
          </reporter-output>
        </test-method> <!-- setup -->
        <test-method signature="getTitleVerification()[pri:0, instance:FreeCRM_TestScenarios.FreeCRM_LoginTest@58a90037]" started-at="2019-05-13T16:55:29Z" name="getTitleVerification" finished-at="2019-05-13T16:55:29Z" duration-ms="12" status="PASS">
          <reporter-output>
          </reporter-output>
        </test-method> <!-- getTitleVerification -->
        <test-method is-config="true" signature="quitBrowser()[pri:0, instance:FreeCRM_TestScenarios.FreeCRM_LoginTest@58a90037]" started-at="2019-05-13T16:55:29Z" name="quitBrowser" finished-at="2019-05-13T16:55:30Z" duration-ms="966" status="PASS">
          <reporter-output>
          </reporter-output>
        </test-method> <!-- quitBrowser -->
        <test-method is-config="true" signature="invokeBrowser()[pri:0, instance:FreeCRM_TestScenarios.FreeCRM_LoginTest@58a90037]" started-at="2019-05-13T16:55:30Z" name="invokeBrowser" finished-at="2019-05-13T16:55:39Z" duration-ms="9430" status="PASS">
          <reporter-output>
          </reporter-output>
        </test-method> <!-- invokeBrowser -->
        <test-method is-config="true" signature="setup()[pri:0, instance:FreeCRM_TestScenarios.FreeCRM_LoginTest@58a90037]" started-at="2019-05-13T16:55:39Z" name="setup" finished-at="2019-05-13T16:55:39Z" duration-ms="2" status="PASS">
          <reporter-output>
          </reporter-output>
        </test-method> <!-- setup -->
        <test-method signature="loginButtonEnabledVerification()[pri:0, instance:FreeCRM_TestScenarios.FreeCRM_LoginTest@58a90037]" started-at="2019-05-13T16:55:39Z" name="loginButtonEnabledVerification" finished-at="2019-05-13T16:55:39Z" duration-ms="46" status="PASS">
          <reporter-output>
          </reporter-output>
        </test-method> <!-- loginButtonEnabledVerification -->
        <test-method is-config="true" signature="quitBrowser()[pri:0, instance:FreeCRM_TestScenarios.FreeCRM_LoginTest@58a90037]" started-at="2019-05-13T16:55:39Z" name="quitBrowser" finished-at="2019-05-13T16:55:40Z" duration-ms="921" status="PASS">
          <reporter-output>
          </reporter-output>
        </test-method> <!-- quitBrowser -->
      </class> <!-- FreeCRM_TestScenarios.FreeCRM_LoginTest -->
    </test> <!-- Test -->
  </suite> <!-- Suite -->
</testng-results>
